TN:
SF:/home/ryan/INFO7500/DutchAuction/v3.0/contracts/ERC20Token.sol
FN:13,constructor
FNF:1
FNH:1
FNDA:12,constructor
DA:15,12
DA:16,12
LF:2
LH:2
BRF:0
BRH:0
end_of_record
TN:
SF:/home/ryan/INFO7500/DutchAuction/v3.0/contracts/NFT.sol
FN:13,constructor
FN:16,safeMint
FNF:2
FNH:2
FNDA:3,constructor
FNDA:3,safeMint
DA:17,3
LF:1
LH:1
BRDA:16,1,0,3
BRDA:16,1,1,1
BRF:2
BRH:2
end_of_record
TN:
SF:/home/ryan/INFO7500/DutchAuction/v3.0/contracts/NFTDutchAuction_ERC20Bids.sol
FN:31,constructor
FN:53,NFTtransferFrom
FN:57,ERC20transferFrom
FN:66,bid
FNF:4
FNH:4
FNDA:9,constructor
FNDA:7,NFTtransferFrom
FNDA:7,ERC20transferFrom
FNDA:10,bid
DA:34,9
DA:37,9
DA:40,9
DA:43,9
DA:44,9
DA:47,9
DA:48,9
DA:49,9
DA:54,7
DA:62,7
DA:69,10
DA:70,9
DA:72,10
DA:75,8
DA:78,8
DA:81,7
DA:89,7
DA:92,7
DA:95,7
LF:19
LH:19
BRDA:69,1,0,9
BRDA:69,1,1,1
BRDA:72,2,0,8
BRDA:72,2,1,2
BRDA:78,3,0,7
BRDA:78,3,1,1
BRF:6
BRH:6
end_of_record
