TN:
SF:/home/ryan/INFO7500/DutchAuction/v1.0/contracts/BasicDutchAuction.sol
FN:15,constructor
FN:33,bid
FNF:2
FNH:2
FNDA:6,constructor
FNDA:9,bid
DA:18,6
DA:21,6
DA:24,6
DA:27,6
DA:28,6
DA:36,9
DA:37,8
DA:39,9
DA:42,7
DA:45,7
DA:48,6
DA:49,6
DA:52,5
DA:55,5
LF:14
LH:14
BRDA:36,1,0,8
BRDA:36,1,1,1
BRDA:39,2,0,7
BRDA:39,2,1,2
BRDA:45,3,0,6
BRDA:45,3,1,1
BRDA:49,4,0,5
BRDA:49,4,1,1
BRF:8
BRH:8
end_of_record
TN:
SF:/home/ryan/INFO7500/DutchAuction/v1.0/contracts/test.sol
FN:12,constructor
FN:16,targetTest
FNF:2
FNH:2
FNDA:3,constructor
FNDA:1,targetTest
DA:13,3
DA:17,1
LF:2
LH:2
BRF:0
BRH:0
end_of_record
