TN:
SF:/home/ryan/INFO7500/DutchAuction/v5.0/contracts/ERC20Token.sol
FN:18,constructor
FNF:1
FNH:1
FNDA:9,constructor
DA:20,9
LF:1
LH:1
BRF:0
BRH:0
end_of_record
TN:
SF:/home/ryan/INFO7500/DutchAuction/v5.0/contracts/NewDutchAuction.sol
FN:34,_authorizeUpgrade
FNF:1
FNH:1
FNDA:1,_authorizeUpgrade
LF:0
LH:0
BRF:0
BRH:0
end_of_record
TN:
SF:/home/ryan/INFO7500/DutchAuction/v5.0/contracts/NFT.sol
FN:13,constructor
FN:16,safeMint
FNF:2
FNH:2
FNDA:3,constructor
FNDA:3,safeMint
DA:17,3
LF:1
LH:1
BRDA:16,1,0,3
BRDA:16,1,1,1
BRF:2
BRH:2
end_of_record
TN:
SF:/home/ryan/INFO7500/DutchAuction/v5.0/contracts/NFTDutchAuction_ERC20Bids.sol
FN:35,initialize
FN:61,NFTtransferFrom
FN:66,ERC20transferFrom
FN:71,bid
FN:105,_authorizeUpgrade
FNF:5
FNH:5
FNDA:9,initialize
FNDA:7,NFTtransferFrom
FNDA:7,ERC20transferFrom
FNDA:10,bid
FNDA:1,_authorizeUpgrade
DA:38,9
DA:41,9
DA:44,9
DA:47,9
DA:48,9
DA:51,9
DA:52,9
DA:53,9
DA:55,9
DA:57,9
DA:62,7
DA:67,7
DA:74,10
DA:75,9
DA:77,10
DA:80,8
DA:83,8
DA:87,7
DA:95,7
DA:98,7
DA:101,7
LF:21
LH:21
BRDA:35,1,0,9
BRDA:35,1,1,0
BRDA:74,2,0,9
BRDA:74,2,1,1
BRDA:77,3,0,8
BRDA:77,3,1,2
BRDA:83,4,0,7
BRDA:83,4,1,1
BRDA:105,5,0,1
BRDA:105,5,1,1
BRF:10
BRH:9
end_of_record
