{"contracts/ERC20Token.sol":{"l":{"15":12,"16":12},"path":"/home/ryan/INFO7500/DutchAuction/v3.0/contracts/ERC20Token.sol","s":{"1":12,"2":12},"b":{},"f":{"1":12},"fnMap":{"1":{"name":"constructor","line":13,"loc":{"start":{"line":13,"column":4},"end":{"line":17,"column":4}}}},"statementMap":{"1":{"start":{"line":15,"column":8},"end":{"line":15,"column":39}},"2":{"start":{"line":16,"column":8},"end":{"line":16,"column":41}}},"branchMap":{}},"contracts/NFT.sol":{"l":{"17":3},"path":"/home/ryan/INFO7500/DutchAuction/v3.0/contracts/NFT.sol","s":{"1":3},"b":{"1":[3,1]},"f":{"1":3,"2":3},"fnMap":{"1":{"name":"constructor","line":13,"loc":{"start":{"line":13,"column":4},"end":{"line":13,"column":48}}},"2":{"name":"safeMint","line":16,"loc":{"start":{"line":16,"column":4},"end":{"line":18,"column":4}}}},"statementMap":{"1":{"start":{"line":17,"column":8},"end":{"line":17,"column":29}}},"branchMap":{"1":{"line":16,"type":"if","locations":[{"start":{"line":16,"column":58},"end":{"line":16,"column":58}},{"start":{"line":16,"column":58},"end":{"line":16,"column":58}}]}}},"contracts/NFTDutchAuction_ERC20Bids.sol":{"l":{"34":9,"37":9,"40":9,"43":9,"44":9,"47":9,"48":9,"49":9,"54":7,"62":7,"69":10,"70":9,"72":10,"75":8,"78":8,"81":7,"89":7,"92":7,"95":7},"path":"/home/ryan/INFO7500/DutchAuction/v3.0/contracts/NFTDutchAuction_ERC20Bids.sol","s":{"1":7,"2":7,"3":10,"4":10,"5":8,"6":7,"7":7,"8":7},"b":{"1":[9,1],"2":[8,2],"3":[7,1]},"f":{"1":9,"2":7,"3":7,"4":10},"fnMap":{"1":{"name":"constructor","line":31,"loc":{"start":{"line":31,"column":4},"end":{"line":51,"column":4}}},"2":{"name":"NFTtransferFrom","line":53,"loc":{"start":{"line":53,"column":4},"end":{"line":55,"column":4}}},"3":{"name":"ERC20transferFrom","line":57,"loc":{"start":{"line":57,"column":4},"end":{"line":63,"column":4}}},"4":{"name":"bid","line":66,"loc":{"start":{"line":66,"column":4},"end":{"line":97,"column":4}}}},"statementMap":{"1":{"start":{"line":54,"column":8},"end":{"line":54,"column":51}},"2":{"start":{"line":62,"column":8},"end":{"line":62,"column":66}},"3":{"start":{"line":69,"column":8},"end":{"line":69,"column":2375}},"4":{"start":{"line":72,"column":8},"end":{"line":72,"column":47}},"5":{"start":{"line":78,"column":8},"end":{"line":78,"column":53}},"6":{"start":{"line":81,"column":8},"end":{"line":81,"column":83}},"7":{"start":{"line":89,"column":8},"end":{"line":89,"column":60}},"8":{"start":{"line":95,"column":8},"end":{"line":95,"column":25}}},"branchMap":{"1":{"line":69,"type":"if","locations":[{"start":{"line":69,"column":8},"end":{"line":69,"column":8}},{"start":{"line":69,"column":8},"end":{"line":69,"column":8}}]},"2":{"line":72,"type":"if","locations":[{"start":{"line":72,"column":8},"end":{"line":72,"column":8}},{"start":{"line":72,"column":8},"end":{"line":72,"column":8}}]},"3":{"line":78,"type":"if","locations":[{"start":{"line":78,"column":8},"end":{"line":78,"column":8}},{"start":{"line":78,"column":8},"end":{"line":78,"column":8}}]}}}}