{"contracts/BasicDutchAuction.sol":{"l":{"18":6,"21":6,"24":6,"27":6,"28":6,"36":9,"37":8,"39":9,"42":7,"45":7,"48":6,"49":6,"52":5,"55":5},"path":"/home/ryan/INFO7500/DutchAuction/v1.0/contracts/BasicDutchAuction.sol","s":{"1":9,"2":9,"3":7,"4":6,"5":6,"6":5},"b":{"1":[8,1],"2":[7,2],"3":[6,1],"4":[5,1]},"f":{"1":6,"2":9},"fnMap":{"1":{"name":"constructor","line":15,"loc":{"start":{"line":15,"column":4},"end":{"line":30,"column":4}}},"2":{"name":"bid","line":33,"loc":{"start":{"line":33,"column":4},"end":{"line":57,"column":4}}}},"statementMap":{"1":{"start":{"line":36,"column":8},"end":{"line":36,"column":1081}},"2":{"start":{"line":39,"column":8},"end":{"line":39,"column":47}},"3":{"start":{"line":45,"column":8},"end":{"line":45,"column":56}},"4":{"start":{"line":48,"column":8},"end":{"line":48,"column":59}},"5":{"start":{"line":49,"column":8},"end":{"line":49,"column":42}},"6":{"start":{"line":55,"column":8},"end":{"line":55,"column":25}}},"branchMap":{"1":{"line":36,"type":"if","locations":[{"start":{"line":36,"column":8},"end":{"line":36,"column":8}},{"start":{"line":36,"column":8},"end":{"line":36,"column":8}}]},"2":{"line":39,"type":"if","locations":[{"start":{"line":39,"column":8},"end":{"line":39,"column":8}},{"start":{"line":39,"column":8},"end":{"line":39,"column":8}}]},"3":{"line":45,"type":"if","locations":[{"start":{"line":45,"column":8},"end":{"line":45,"column":8}},{"start":{"line":45,"column":8},"end":{"line":45,"column":8}}]},"4":{"line":49,"type":"if","locations":[{"start":{"line":49,"column":8},"end":{"line":49,"column":8}},{"start":{"line":49,"column":8},"end":{"line":49,"column":8}}]}}},"contracts/test.sol":{"l":{"13":3,"17":1},"path":"/home/ryan/INFO7500/DutchAuction/v1.0/contracts/test.sol","s":{"1":1},"b":{},"f":{"1":3,"2":1},"fnMap":{"1":{"name":"constructor","line":12,"loc":{"start":{"line":12,"column":4},"end":{"line":14,"column":4}}},"2":{"name":"targetTest","line":16,"loc":{"start":{"line":16,"column":4},"end":{"line":18,"column":4}}}},"statementMap":{"1":{"start":{"line":17,"column":8},"end":{"line":17,"column":43}}},"branchMap":{}}}