{"contracts/NFT.sol":{"l":{"17":4},"path":"/home/ryan/INFO7500/DutchAuction/v2.0/contracts/NFT.sol","s":{"1":4},"b":{"1":[4,1]},"f":{"1":12,"2":4},"fnMap":{"1":{"name":"constructor","line":13,"loc":{"start":{"line":13,"column":4},"end":{"line":13,"column":48}}},"2":{"name":"safeMint","line":16,"loc":{"start":{"line":16,"column":4},"end":{"line":18,"column":4}}}},"statementMap":{"1":{"start":{"line":17,"column":8},"end":{"line":17,"column":29}}},"branchMap":{"1":{"line":16,"type":"if","locations":[{"start":{"line":16,"column":58},"end":{"line":16,"column":58}},{"start":{"line":16,"column":58},"end":{"line":16,"column":58}}]}}},"contracts/NFTDutchAuction.sol":{"l":{"27":15,"30":15,"33":15,"36":15,"37":15,"40":15,"41":15,"46":6,"57":10,"58":9,"60":10,"63":8,"66":8,"69":7,"70":7,"73":6,"76":6,"79":6},"path":"/home/ryan/INFO7500/DutchAuction/v2.0/contracts/NFTDutchAuction.sol","s":{"1":6,"2":10,"3":10,"4":8,"5":7,"6":7,"7":6,"8":6},"b":{"1":[9,1],"2":[8,2],"3":[7,1],"4":[6,1]},"f":{"1":15,"2":6,"3":10},"fnMap":{"1":{"name":"constructor","line":24,"loc":{"start":{"line":24,"column":4},"end":{"line":43,"column":4}}},"2":{"name":"transferFrom","line":45,"loc":{"start":{"line":45,"column":4},"end":{"line":47,"column":4}}},"3":{"name":"bid","line":54,"loc":{"start":{"line":54,"column":4},"end":{"line":81,"column":4}}}},"statementMap":{"1":{"start":{"line":46,"column":8},"end":{"line":46,"column":43}},"2":{"start":{"line":57,"column":8},"end":{"line":57,"column":1733}},"3":{"start":{"line":60,"column":8},"end":{"line":60,"column":47}},"4":{"start":{"line":66,"column":8},"end":{"line":66,"column":56}},"5":{"start":{"line":69,"column":8},"end":{"line":69,"column":59}},"6":{"start":{"line":70,"column":8},"end":{"line":70,"column":42}},"7":{"start":{"line":73,"column":8},"end":{"line":73,"column":61}},"8":{"start":{"line":79,"column":8},"end":{"line":79,"column":25}}},"branchMap":{"1":{"line":57,"type":"if","locations":[{"start":{"line":57,"column":8},"end":{"line":57,"column":8}},{"start":{"line":57,"column":8},"end":{"line":57,"column":8}}]},"2":{"line":60,"type":"if","locations":[{"start":{"line":60,"column":8},"end":{"line":60,"column":8}},{"start":{"line":60,"column":8},"end":{"line":60,"column":8}}]},"3":{"line":66,"type":"if","locations":[{"start":{"line":66,"column":8},"end":{"line":66,"column":8}},{"start":{"line":66,"column":8},"end":{"line":66,"column":8}}]},"4":{"line":70,"type":"if","locations":[{"start":{"line":70,"column":8},"end":{"line":70,"column":8}},{"start":{"line":70,"column":8},"end":{"line":70,"column":8}}]}}},"contracts/test.sol":{"l":{"13":3,"17":1},"path":"/home/ryan/INFO7500/DutchAuction/v2.0/contracts/test.sol","s":{"1":1},"b":{},"f":{"1":3,"2":1},"fnMap":{"1":{"name":"constructor","line":12,"loc":{"start":{"line":12,"column":4},"end":{"line":14,"column":4}}},"2":{"name":"targetTest","line":16,"loc":{"start":{"line":16,"column":4},"end":{"line":18,"column":4}}}},"statementMap":{"1":{"start":{"line":17,"column":8},"end":{"line":17,"column":43}}},"branchMap":{}}}