{"contracts/ERC20Token.sol":{"l":{"14":9,"15":9},"path":"/home/ryan/INFO7500/DutchAuction/v4.0/contracts/ERC20Token.sol","s":{"1":9,"2":9},"b":{},"f":{"1":9},"fnMap":{"1":{"name":"constructor","line":12,"loc":{"start":{"line":12,"column":4},"end":{"line":16,"column":4}}}},"statementMap":{"1":{"start":{"line":14,"column":8},"end":{"line":14,"column":39}},"2":{"start":{"line":15,"column":8},"end":{"line":15,"column":41}}},"branchMap":{}},"contracts/NewDutchAuction.sol":{"l":{},"path":"/home/ryan/INFO7500/DutchAuction/v4.0/contracts/NewDutchAuction.sol","s":{},"b":{},"f":{"1":1},"fnMap":{"1":{"name":"_authorizeUpgrade","line":34,"loc":{"start":{"line":34,"column":4},"end":{"line":34,"column":84}}}},"statementMap":{},"branchMap":{}},"contracts/NFT.sol":{"l":{"17":3},"path":"/home/ryan/INFO7500/DutchAuction/v4.0/contracts/NFT.sol","s":{"1":3},"b":{"1":[3,1]},"f":{"1":3,"2":3},"fnMap":{"1":{"name":"constructor","line":13,"loc":{"start":{"line":13,"column":4},"end":{"line":13,"column":48}}},"2":{"name":"safeMint","line":16,"loc":{"start":{"line":16,"column":4},"end":{"line":18,"column":4}}}},"statementMap":{"1":{"start":{"line":17,"column":8},"end":{"line":17,"column":29}}},"branchMap":{"1":{"line":16,"type":"if","locations":[{"start":{"line":16,"column":58},"end":{"line":16,"column":58}},{"start":{"line":16,"column":58},"end":{"line":16,"column":58}}]}}},"contracts/NFTDutchAuction_ERC20Bids.sol":{"l":{"38":9,"41":9,"44":9,"47":9,"48":9,"51":9,"52":9,"53":9,"55":9,"57":9,"62":6,"67":6,"74":9,"75":8,"77":9,"80":7,"83":7,"87":6,"95":6,"98":6,"101":6},"path":"/home/ryan/INFO7500/DutchAuction/v4.0/contracts/NFTDutchAuction_ERC20Bids.sol","s":{"1":9,"2":6,"3":6,"4":9,"5":9,"6":7,"7":6,"8":6,"9":6},"b":{"1":[9,0],"2":[8,1],"3":[7,2],"4":[6,1],"5":[1,1]},"f":{"1":9,"2":6,"3":6,"4":9,"5":1},"fnMap":{"1":{"name":"initialize","line":35,"loc":{"start":{"line":35,"column":4},"end":{"line":59,"column":4}}},"2":{"name":"NFTtransferFrom","line":61,"loc":{"start":{"line":61,"column":4},"end":{"line":63,"column":4}}},"3":{"name":"ERC20transferFrom","line":66,"loc":{"start":{"line":66,"column":4},"end":{"line":68,"column":4}}},"4":{"name":"bid","line":71,"loc":{"start":{"line":71,"column":4},"end":{"line":103,"column":4}}},"5":{"name":"_authorizeUpgrade","line":105,"loc":{"start":{"line":105,"column":4},"end":{"line":105,"column":86}}}},"statementMap":{"1":{"start":{"line":57,"column":8},"end":{"line":57,"column":23}},"2":{"start":{"line":62,"column":8},"end":{"line":62,"column":51}},"3":{"start":{"line":67,"column":8},"end":{"line":67,"column":66}},"4":{"start":{"line":74,"column":8},"end":{"line":74,"column":2666}},"5":{"start":{"line":77,"column":8},"end":{"line":77,"column":47}},"6":{"start":{"line":83,"column":8},"end":{"line":83,"column":53}},"7":{"start":{"line":87,"column":8},"end":{"line":87,"column":72}},"8":{"start":{"line":95,"column":8},"end":{"line":95,"column":67}},"9":{"start":{"line":101,"column":8},"end":{"line":101,"column":25}}},"branchMap":{"1":{"line":35,"type":"if","locations":[{"start":{"line":35,"column":191},"end":{"line":35,"column":191}},{"start":{"line":35,"column":191},"end":{"line":35,"column":191}}]},"2":{"line":74,"type":"if","locations":[{"start":{"line":74,"column":8},"end":{"line":74,"column":8}},{"start":{"line":74,"column":8},"end":{"line":74,"column":8}}]},"3":{"line":77,"type":"if","locations":[{"start":{"line":77,"column":8},"end":{"line":77,"column":8}},{"start":{"line":77,"column":8},"end":{"line":77,"column":8}}]},"4":{"line":83,"type":"if","locations":[{"start":{"line":83,"column":8},"end":{"line":83,"column":8}},{"start":{"line":83,"column":8},"end":{"line":83,"column":8}}]},"5":{"line":105,"type":"if","locations":[{"start":{"line":105,"column":76},"end":{"line":105,"column":76}},{"start":{"line":105,"column":76},"end":{"line":105,"column":76}}]}}}}