{
"contracts/NFT.sol":{"l":{"17":4},"path":"/home/ryan/INFO7500/DutchAuction/v2.0/contracts/NFT.sol","s":{"1":4},"b":{"1":[4,1]},"f":{"1":12,"2":4},"fnMap":{"1":{"name":"constructor","line":13,"loc":{"start":{"line":13,"column":4},"end":{"line":13,"column":48}}},"2":{"name":"safeMint","line":16,"loc":{"start":{"line":16,"column":4},"end":{"line":18,"column":4}}}},"statementMap":{"1":{"start":{"line":17,"column":8},"end":{"line":17,"column":29}}},"branchMap":{"1":{"line":16,"type":"if","locations":[{"start":{"line":16,"column":58},"end":{"line":16,"column":58}},{"start":{"line":16,"column":58},"end":{"line":16,"column":58}}]}}},
"contracts/NFTDutchAuction.sol":{"l":{"27":15,"30":15,"33":15,"36":15,"37":15,"40":15,"41":15,"46":7,"53":11,"54":10,"56":11,"59":9,"62":9,"65":8,"66":8,"69":7,"72":7,"75":7},"path":"/home/ryan/INFO7500/DutchAuction/v2.0/contracts/NFTDutchAuction.sol","s":{"1":7,"2":11,"3":11,"4":9,"5":8,"6":8,"7":7,"8":7},"b":{"1":[10,1],"2":[9,2],"3":[8,1],"4":[7,1]},"f":{"1":15,"2":7,"3":11},"fnMap":{"1":{"name":"constructor","line":24,"loc":{"start":{"line":24,"column":4},"end":{"line":43,"column":4}}},"2":{"name":"transferFrom","line":45,"loc":{"start":{"line":45,"column":4},"end":{"line":47,"column":4}}},"3":{"name":"bid","line":50,"loc":{"start":{"line":50,"column":4},"end":{"line":77,"column":4}}}},"statementMap":{"1":{"start":{"line":46,"column":8},"end":{"line":46,"column":43}},"2":{"start":{"line":53,"column":8},"end":{"line":53,"column":1554}},"3":{"start":{"line":56,"column":8},"end":{"line":56,"column":47}},"4":{"start":{"line":62,"column":8},"end":{"line":62,"column":56}},"5":{"start":{"line":65,"column":8},"end":{"line":65,"column":59}},"6":{"start":{"line":66,"column":8},"end":{"line":66,"column":42}},"7":{"start":{"line":69,"column":8},"end":{"line":69,"column":61}},"8":{"start":{"line":75,"column":8},"end":{"line":75,"column":25}}},"branchMap":{"1":{"line":53,"type":"if","locations":[{"start":{"line":53,"column":8},"end":{"line":53,"column":8}},{"start":{"line":53,"column":8},"end":{"line":53,"column":8}}]},"2":{"line":56,"type":"if","locations":[{"start":{"line":56,"column":8},"end":{"line":56,"column":8}},{"start":{"line":56,"column":8},"end":{"line":56,"column":8}}]},"3":{"line":62,"type":"if","locations":[{"start":{"line":62,"column":8},"end":{"line":62,"column":8}},{"start":{"line":62,"column":8},"end":{"line":62,"column":8}}]},"4":{"line":66,"type":"if","locations":[{"start":{"line":66,"column":8},"end":{"line":66,"column":8}},{"start":{"line":66,"column":8},"end":{"line":66,"column":8}}]}}},
"contracts/test.sol":{"l":{"13":3,"17":1},"path":"/home/ryan/INFO7500/DutchAuction/v2.0/contracts/test.sol","s":{"1":1},"b":{},"f":{"1":3,"2":1},"fnMap":{"1":{"name":"constructor","line":12,"loc":{"start":{"line":12,"column":4},"end":{"line":14,"column":4}}},"2":{"name":"targetTest","line":16,"loc":{"start":{"line":16,"column":4},"end":{"line":18,"column":4}}}},"statementMap":{"1":{"start":{"line":17,"column":8},"end":{"line":17,"column":43}}},"branchMap":{}}}
