TN:
SF:/home/ryan/INFO7500/DutchAuction/v2.0/contracts/NFT.sol
FN:13,constructor
FN:16,safeMint
FNF:2
FNH:2
FNDA:12,constructor
FNDA:4,safeMint
DA:17,4
LF:1
LH:1
BRDA:16,1,0,4
BRDA:16,1,1,1
BRF:2
BRH:2
end_of_record
TN:
SF:/home/ryan/INFO7500/DutchAuction/v2.0/contracts/NFTDutchAuction.sol
FN:24,constructor
FN:45,transferFrom
FN:54,bid
FNF:3
FNH:3
FNDA:15,constructor
FNDA:6,transferFrom
FNDA:10,bid
DA:27,15
DA:30,15
DA:33,15
DA:36,15
DA:37,15
DA:40,15
DA:41,15
DA:46,6
DA:57,10
DA:58,9
DA:60,10
DA:63,8
DA:66,8
DA:69,7
DA:70,7
DA:73,6
DA:76,6
DA:79,6
LF:18
LH:18
BRDA:57,1,0,9
BRDA:57,1,1,1
BRDA:60,2,0,8
BRDA:60,2,1,2
BRDA:66,3,0,7
BRDA:66,3,1,1
BRDA:70,4,0,6
BRDA:70,4,1,1
BRF:8
BRH:8
end_of_record
TN:
SF:/home/ryan/INFO7500/DutchAuction/v2.0/contracts/test.sol
FN:12,constructor
FN:16,targetTest
FNF:2
FNH:2
FNDA:3,constructor
FNDA:1,targetTest
DA:13,3
DA:17,1
LF:2
LH:2
BRF:0
BRH:0
end_of_record
